<?xml version="1.0" encoding="UTF-8"?>
<!-- Generated by org.testng.reporters.JUnitReportReporter -->
<testsuite hostname="DESKTOP-9S3MC4U" name="pom.TestCase_NewToursHomePage" tests="1" failures="0" timestamp="18 Aug 2017 08:58:46 GMT" time="14.475" errors="0">
  <testcase name="HomePageAutomation" time="14.475" classname="pom.TestCase_NewToursHomePage"/>
</testsuite> <!-- pom.TestCase_NewToursHomePage -->
