<?xml version="1.0" encoding="UTF-8"?>
<!-- Generated by org.testng.reporters.JUnitReportReporter -->
<testsuite hostname="DESKTOP-9S3MC4U" name="faceBook.FaceBookTesting" tests="1" failures="0" timestamp="22 Aug 2017 07:14:18 GMT" time="37.582" errors="0">
  <testcase name="facebookLaunch" time="37.582" classname="faceBook.FaceBookTesting"/>
</testsuite> <!-- faceBook.FaceBookTesting -->
