<?xml version="1.0" encoding="UTF-8"?>
<!-- Generated by org.testng.reporters.JUnitReportReporter -->
<testsuite hostname="DESKTOP-9S3MC4U" name="testNgAnnoations.Annoations1" tests="3" failures="0" timestamp="16 Aug 2017 08:17:53 GMT" time="0.022" errors="0">
  <testcase name="LogIn" time="0.002" classname="testNgAnnoations.Annoations1"/>
  <testcase name="Inbox" time="0.004" classname="testNgAnnoations.Annoations1"/>
  <testcase name="BrowserLaunch" time="0.016" classname="testNgAnnoations.Annoations1"/>
</testsuite> <!-- testNgAnnoations.Annoations1 -->
