<?xml version="1.0" encoding="UTF-8"?>
<!-- Generated by org.testng.reporters.JUnitReportReporter -->
<testsuite hostname="DESKTOP-9S3MC4U" name="testNgAnnoations.Annotations2" tests="3" failures="0" timestamp="16 Aug 2017 08:23:09 GMT" time="0.015" errors="0">
  <testcase name="compose" time="0.000" classname="testNgAnnoations.Annotations2"/>
  <testcase name="Inbox" time="0.015" classname="testNgAnnoations.Annotations2"/>
  <testcase name="LogIn" time="0.000" classname="testNgAnnoations.Annotations2"/>
</testsuite> <!-- testNgAnnoations.Annotations2 -->
