<?xml version="1.0" encoding="UTF-8"?>
<!-- Generated by org.testng.reporters.JUnitReportReporter -->
<testsuite hostname="DESKTOP-9S3MC4U" name="testNG.NewToursTest" tests="1" failures="0" timestamp="15 Aug 2017 18:27:45 GMT" time="4.886" errors="0">
  <testcase name="LogIn" time="4.886" classname="testNG.NewToursTest"/>
</testsuite> <!-- testNG.NewToursTest -->
