<?xml version="1.0" encoding="UTF-8"?>
<!-- Generated by org.testng.reporters.JUnitReportReporter -->
<testsuite hostname="DESKTOP-9S3MC4U" name="testNgAnnoations.Annotaions3" tests="3" failures="0" timestamp="16 Aug 2017 08:26:53 GMT" time="0.034" errors="0">
  <testcase name="Inbox" time="0.000" classname="testNgAnnoations.Annotaions3"/>
  <testcase name="compose" time="0.018" classname="testNgAnnoations.Annotaions3"/>
  <testcase name="LogIn" time="0.016" classname="testNgAnnoations.Annotaions3"/>
</testsuite> <!-- testNgAnnoations.Annotaions3 -->
