<?xml version="1.0" encoding="UTF-8"?>
<!-- Generated by org.testng.reporters.JUnitReportReporter -->
<testsuite hostname="DESKTOP-9S3MC4U" name="testNG.CapturingScreenShot" tests="1" failures="0" timestamp="15 Aug 2017 08:18:38 GMT" time="12.182" errors="0">
  <testcase name="ScreenShot" time="12.182" classname="testNG.CapturingScreenShot"/>
</testsuite> <!-- testNG.CapturingScreenShot -->
